[16:11:53] [ServerMain/INFO]: Environment: Environment[sessionHost=https://sessionserver.mojang.com, servicesHost=https://api.minecraftservices.com, name=PROD]
[16:11:53] [ServerMain/WARN]: Missing data pack fabric
[16:11:53] [ServerMain/WARN]: Missing data pack fabric-convention-tags-v2
[16:11:56] [ServerMain/INFO]: Loaded 1290 recipes
[16:11:56] [ServerMain/INFO]: Loaded 1399 advancements
[16:11:57] [Server thread/INFO]: Starting minecraft server version 1.21
[16:11:57] [Server thread/INFO]: Loading properties
[16:11:57] [Server thread/INFO]: Default game type: SURVIVAL
[16:11:57] [Server thread/INFO]: Generating keypair
[16:11:57] [Server thread/INFO]: Starting Minecraft server on *:25565
[16:11:57] [Server thread/INFO]: Using epoll channel type
[16:11:57] [Server thread/WARN]: **** SERVER IS RUNNING IN OFFLINE/INSECURE MODE!
[16:11:57] [Server thread/WARN]: The server will make no attempt to authenticate usernames. Beware.
[16:11:57] [Server thread/WARN]: While this makes the game possible to play without internet access, it also opens up the ability for hackers to connect with any username they choose.
[16:11:57] [Server thread/WARN]: To change this, set "online-mode" to "true" in the server.properties file.
[16:11:57] [Server thread/INFO]: Preparing level "world"
[16:12:05] [Server thread/INFO]: Preparing start region for dimension minecraft:overworld
[16:12:06] [Worker-Main-1/INFO]: Preparing spawn area: 0%
[16:12:06] [Worker-Main-1/INFO]: Preparing spawn area: 0%
[16:12:06] [Server thread/INFO]: Time elapsed: 918 ms
[16:12:06] [Server thread/INFO]: Done (9.391s)! For help, type "help"
